2024-07-25 11:20:53 INFO  TC_005_RegisterDataDrivenTest:25 - Clicked on Register link...
2024-07-25 11:20:53 INFO  TC_005_RegisterDataDrivenTest:38 - Clicked on Continue after providing the details...
2024-07-25 11:20:53 INFO  TC_005_RegisterDataDrivenTest:80 - ***** TC_005_RegisterDataDrivenTest Finished ***** 
2024-07-25 11:20:53 INFO  TC_005_RegisterDataDrivenTest:17 - ***** TC_005_RegisterDataDrivenTest Started ***** 
2024-07-25 11:20:54 INFO  TC_005_RegisterDataDrivenTest:25 - Clicked on Register link...
2024-07-25 11:20:54 INFO  TC_005_RegisterDataDrivenTest:38 - Clicked on Continue after providing the details...
2024-07-25 11:20:54 INFO  TC_005_RegisterDataDrivenTest:80 - ***** TC_005_RegisterDataDrivenTest Finished ***** 
2024-07-25 11:20:54 INFO  TC_005_RegisterDataDrivenTest:17 - ***** TC_005_RegisterDataDrivenTest Started ***** 
2024-07-25 11:20:55 INFO  TC_005_RegisterDataDrivenTest:25 - Clicked on Register link...
2024-07-25 11:20:55 INFO  TC_005_RegisterDataDrivenTest:38 - Clicked on Continue after providing the details...
2024-07-25 13:02:31 INFO  TC_001_AccountRegistrationTest:16 - ***** Starting TC_001_AccountRegistrationTest *****
2024-07-25 13:02:32 INFO  TC_001_AccountRegistrationTest:24 - Clicked on Register...
2024-07-25 13:02:32 INFO  TC_001_AccountRegistrationTest:28 - Providing User Details...
2024-07-25 13:02:36 INFO  TC_001_AccountRegistrationTest:43 - Clicked on Continue...
2024-07-25 13:02:36 INFO  TC_001_AccountRegistrationTest:53 - New Account Created...
2024-07-25 13:02:36 INFO  TC_001_AccountRegistrationTest:66 - ***** Finished TC_001_AccountRegistrationTest *****
2024-07-25 13:03:15 INFO  TC_001_AccountRegistrationTest:16 - ***** Starting TC_001_AccountRegistrationTest *****
2024-07-25 13:03:17 INFO  TC_001_AccountRegistrationTest:24 - Clicked on Register...
2024-07-25 13:03:17 INFO  TC_001_AccountRegistrationTest:28 - Providing User Details...
2024-07-25 13:03:21 INFO  TC_001_AccountRegistrationTest:43 - Clicked on Continue...
2024-07-25 13:03:22 INFO  TC_001_AccountRegistrationTest:53 - New Account Created...
2024-07-25 13:03:22 INFO  TC_001_AccountRegistrationTest:66 - ***** Finished TC_001_AccountRegistrationTest *****
2024-07-25 13:24:24 INFO  TC_001_AccountRegistrationTest:16 - ***** Starting TC_001_AccountRegistrationTest *****
2024-07-25 13:24:25 INFO  TC_001_AccountRegistrationTest:24 - Clicked on Register...
2024-07-25 13:24:25 INFO  TC_001_AccountRegistrationTest:28 - Providing User Details...
2024-07-25 13:24:29 INFO  TC_001_AccountRegistrationTest:43 - Clicked on Continue...
2024-07-25 13:24:29 INFO  TC_001_AccountRegistrationTest:53 - New Account Created...
2024-07-25 13:24:29 INFO  TC_001_AccountRegistrationTest:66 - ***** Finished TC_001_AccountRegistrationTest *****
2024-07-25 13:33:03 INFO  TC_001_AccountRegistrationTest:16 - ***** Starting TC_001_AccountRegistrationTest *****
2024-07-25 13:33:04 INFO  TC_001_AccountRegistrationTest:24 - Clicked on Register...
2024-07-25 13:33:04 INFO  TC_001_AccountRegistrationTest:28 - Providing User Details...
2024-07-25 13:33:07 INFO  TC_001_AccountRegistrationTest:43 - Clicked on Continue...
2024-07-25 13:33:08 INFO  TC_001_AccountRegistrationTest:53 - New Account Created...
2024-07-25 13:33:08 INFO  TC_001_AccountRegistrationTest:66 - ***** Finished TC_001_AccountRegistrationTest *****
2024-07-25 13:34:06 INFO  TC_001_AccountRegistrationTest:16 - ***** Starting TC_001_AccountRegistrationTest *****
2024-07-25 13:34:07 INFO  TC_001_AccountRegistrationTest:24 - Clicked on Register...
2024-07-25 13:34:07 INFO  TC_001_AccountRegistrationTest:28 - Providing User Details...
2024-07-25 13:34:11 INFO  TC_001_AccountRegistrationTest:43 - Clicked on Continue...
2024-07-25 13:34:11 INFO  TC_001_AccountRegistrationTest:53 - New Account Created...
2024-07-25 13:34:11 INFO  TC_001_AccountRegistrationTest:66 - ***** Finished TC_001_AccountRegistrationTest *****
